2025-02-04 11:15:33 [INFO]: Framework building.
2025-02-04 11:18:00 [INFO]: Framework building.
2025-02-04 11:20:37 [INFO]: Framework building.
2025-02-04 11:22:46 [INFO]: Framework building.
2025-02-04 11:23:59 [INFO]: Framework building.
2025-02-04 11:25:01 [INFO]: Framework building.
2025-02-04 11:25:37 [INFO]: Framework building.
2025-02-04 11:29:32 [INFO]: Framework building.
2025-02-04 11:29:51 [INFO]: Framework building.
2025-02-04 11:30:00 [INFO]: Framework building.
2025-02-04 11:31:48 [INFO]: Framework building.
2025-02-04 11:31:49 [INFO]: 
2025-02-04 11:35:10 [INFO]: Framework building.
2025-02-04 11:35:10 [INFO]: 
2025-02-04 11:38:39 [INFO]: Framework building.
2025-02-04 11:39:46 [INFO]: Framework building.
2025-02-04 11:39:46 [INFO]: 
2025-02-04 11:40:31 [INFO]: Framework building.
2025-02-04 11:40:31 [INFO]: Database running!
2025-02-04 11:40:31 [INFO]: Backend running!
2025-02-04 11:42:29 [INFO]: Framework building.
2025-02-04 11:42:29 [INFO]: Database running!
2025-02-04 11:42:29 [INFO]: Backend running!
2025-02-04 11:44:34 [INFO]: Framework building.
2025-02-04 11:45:38 [INFO]: Framework building.
2025-02-04 11:45:38 [INFO]: Database running!
2025-02-04 11:46:14 [INFO]: Framework building.
2025-02-04 11:46:14 [INFO]: Database running!
2025-02-04 11:46:14 [INFO]: Backend running!
2025-02-07 23:59:16 [INFO]: Framework building.
2025-02-07 23:59:16 [INFO]: Starting application framework!
2025-02-07 23:59:18 [INFO]: ✅ Connected to Neon PostgreSQL successfully!
2025-02-07 23:59:18 [INFO]: Framework initialized successfully!
